<?xml version="1.0" encoding="utf-8" standalone="no"?>
<!--This file represents the results of running a test suite-->
<test-results name="E:\22.11.4857\unit testing\01 latihan\CalculatorUnitTest1\bin\Debug\CalculatorUnitTest1.dll" total="4" errors="0" failures="0" not-run="0" inconclusive="0" ignored="0" skipped="0" invalid="0" date="2023-10-04" time="11:46:35">
  <environment nunit-version="2.6.4.14350" clr-version="2.0.50727.9151" os-version="Microsoft Windows NT 6.2.9200.0" platform="Win32NT" cwd="E:\22.11.4857\unit testing\tools-testing" machine-name="KOMPUTER-3" user="amikom" user-domain="KOMPUTER-3" />
  <culture-info current-culture="en-ID" current-uiculture="en-US" />
  <test-suite type="Assembly" name="E:\22.11.4857\unit testing\01 latihan\CalculatorUnitTest1\bin\Debug\CalculatorUnitTest1.dll" executed="True" result="Success" success="True" time="0.052" asserts="0">
    <results>
      <test-suite type="Namespace" name="CalculatorUnitTest1" executed="True" result="Success" success="True" time="0.044" asserts="0">
        <results>
          <test-suite type="TestFixture" name="CalculatorTest" executed="True" result="Success" success="True" time="0.043" asserts="0">
            <results>
              <test-case name="CalculatorUnitTest1.CalculatorTest.PembagianTest" executed="True" result="Success" success="True" time="0.026" asserts="1" />
              <test-case name="CalculatorUnitTest1.CalculatorTest.PenambahanTest" executed="True" result="Success" success="True" time="0.000" asserts="1" />
              <test-case name="CalculatorUnitTest1.CalculatorTest.PenguranganTest" executed="True" result="Success" success="True" time="0.000" asserts="1" />
              <test-case name="CalculatorUnitTest1.CalculatorTest.PerkalianTest" executed="True" result="Success" success="True" time="0.000" asserts="1" />
            </results>
          </test-suite>
        </results>
      </test-suite>
    </results>
  </test-suite>
</test-results>